<?xml version="1.0" encoding="UTF-8"?>
<robot generator="Robot 7.2.2 (Python 3.12.3 on linux)" generated="2025-03-02T13:11:23.455715" rpa="false" schemaversion="5">
<suite id="s1" name="TQC-13 Robot" source="/home/marcelo/Desenvolvimento/TQC-13_Robot">
<suite id="s1-s1" name="Api" source="/home/marcelo/Desenvolvimento/TQC-13_Robot/api.robot">
<test id="s1-s1-t1" name="CT04 - Atualizar Status para false com sucesso" line="33">
<kw name="Create User">
<kw name="Pegar Token">
<kw name="Create Dictionary" owner="BuiltIn">
<msg time="2025-03-02T13:11:23.676548" level="INFO">${body} = {'mail': 'sysadmin@qacoders.com', 'password': '1234@Test'}</msg>
<var>${body}</var>
<arg>mail=sysadmin@qacoders.com</arg>
<arg>password=1234@Test</arg>
<doc>Creates and returns a dictionary based on the given ``items``.</doc>
<status status="PASS" start="2025-03-02T13:11:23.675568" elapsed="0.001211"/>
</kw>
<kw name="Criar Sessao">
<kw name="Create Dictionary" owner="BuiltIn">
<msg time="2025-03-02T13:11:23.677695" level="INFO">${headers} = {'accept': 'applications/json', 'Content-Type': 'application/json'}</msg>
<var>${headers}</var>
<arg>accept=applications/json</arg>
<arg>Content-Type=application/json</arg>
<doc>Creates and returns a dictionary based on the given ``items``.</doc>
<status status="PASS" start="2025-03-02T13:11:23.677420" elapsed="0.000490"/>
</kw>
<kw name="Create Session" owner="RequestsLibrary">
<msg time="2025-03-02T13:11:23.678623" level="INFO">Creating Session using : alias=ronbugado, url=https://ron-bugado.qacoders.dev.br/api/, headers={'accept': 'applications/json', 'Content-Type': 'application/json'},                     cookies={}, auth=None, timeout=None, proxies=None, verify=True,                     debug=0 </msg>
<arg>alias=ronbugado</arg>
<arg>url=${baseUrl}</arg>
<arg>headers=${headers}</arg>
<arg>verify=true</arg>
<doc>Create Session: create a HTTP session to a server</doc>
<status status="PASS" start="2025-03-02T13:11:23.678077" elapsed="0.001018"/>
</kw>
<doc>Criando sessão inicial para usar nas proximas requests</doc>
<status status="PASS" start="2025-03-02T13:11:23.677089" elapsed="0.002154"/>
</kw>
<kw name="POST On Session" owner="RequestsLibrary">
<msg time="2025-03-02T13:11:23.681946" level="FAIL">OSError: Could not find a suitable TLS CA certificate bundle, invalid path: true</msg>
<var>${resposta}</var>
<arg>alias=ronbugado</arg>
<arg>url=/login</arg>
<arg>json=${body}</arg>
<arg>verify=true</arg>
<doc>Sends a POST request on a previously created HTTP Session.</doc>
<status status="FAIL" start="2025-03-02T13:11:23.679407" elapsed="0.005097">OSError: Could not find a suitable TLS CA certificate bundle, invalid path: true</status>
</kw>
<return>
<value>${resposta.json()["token"]}</value>
<status status="NOT RUN" start="2025-03-02T13:11:23.684779" elapsed="0.000133"/>
</return>
<var>${token}</var>
<doc>Request usada para pegar o token do admin</doc>
<status status="FAIL" start="2025-03-02T13:11:23.674990" elapsed="0.010155">OSError: Could not find a suitable TLS CA certificate bundle, invalid path: true</status>
</kw>
<kw name="Create Dictionary" owner="BuiltIn">
<var>${headers}</var>
<arg>Authorization=${token}</arg>
<arg>Content-Type=application/json</arg>
<doc>Creates and returns a dictionary based on the given ``items``.</doc>
<status status="NOT RUN" start="2025-03-02T13:11:23.685368" elapsed="0.000126"/>
</kw>
<kw name="Get Fake Person" owner="get_fake_person">
<var>${person}</var>
<status status="NOT RUN" start="2025-03-02T13:11:23.685655" elapsed="0.000109"/>
</kw>
<kw name="Create Dictionary" owner="BuiltIn">
<var>${body}</var>
<arg>fullName=${person}[name]</arg>
<arg>mail=${person}[email]</arg>
<arg>password=1234@Test</arg>
<arg>accessProfile=ADMIN</arg>
<arg>cpf=${person}[cpf]</arg>
<arg>confirmPassword=1234@Test</arg>
<doc>Creates and returns a dictionary based on the given ``items``.</doc>
<status status="NOT RUN" start="2025-03-02T13:11:23.686108" elapsed="0.000154"/>
</kw>
<kw name="POST On Session" owner="RequestsLibrary">
<var>${resposta}</var>
<arg>alias=ronbugado</arg>
<arg>url=/user</arg>
<arg>headers=${headers}</arg>
<arg>json=${body}</arg>
<arg>verify=true</arg>
<doc>Sends a POST request on a previously created HTTP Session.</doc>
<status status="NOT RUN" start="2025-03-02T13:11:23.686517" elapsed="0.000363"/>
</kw>
<kw name="Status Should Be" owner="RequestsLibrary">
<arg>201</arg>
<arg>${resposta}</arg>
<doc>Fails if response status code is different than the expected.</doc>
<status status="NOT RUN" start="2025-03-02T13:11:23.687144" elapsed="0.000164"/>
</kw>
<return>
<value>${resposta.json()}["user"]["_id"]</value>
<status status="NOT RUN" start="2025-03-02T13:11:23.687451" elapsed="0.000105"/>
</return>
<var>${user_ID}</var>
<doc>Keyword que cria um usuário</doc>
<status status="FAIL" start="2025-03-02T13:11:23.674416" elapsed="0.013328">OSError: Could not find a suitable TLS CA certificate bundle, invalid path: true</status>
</kw>
<kw name="Put Status">
<var>${resposta}</var>
<arg>id_user=${user_ID}</arg>
<arg>status=true</arg>
<status status="NOT RUN" start="2025-03-02T13:11:23.688080" elapsed="0.000099"/>
</kw>
<status status="FAIL" start="2025-03-02T13:11:23.673262" elapsed="0.015227">OSError: Could not find a suitable TLS CA certificate bundle, invalid path: true</status>
</test>
<doc>Configurações iniciais do projeto</doc>
<status status="FAIL" start="2025-03-02T13:11:23.484816" elapsed="0.205052"/>
</suite>
<status status="FAIL" start="2025-03-02T13:11:23.460524" elapsed="0.231193"/>
</suite>
<statistics>
<total>
<stat pass="0" fail="1" skip="0">All Tests</stat>
</total>
<tag>
</tag>
<suite>
<stat name="TQC-13 Robot" id="s1" pass="0" fail="1" skip="0">TQC-13 Robot</stat>
<stat name="Api" id="s1-s1" pass="0" fail="1" skip="0">TQC-13 Robot.Api</stat>
</suite>
</statistics>
<errors>
</errors>
</robot>
