<?xml version="1.0" encoding="UTF-8"?>
<robot generator="Robot 7.2.2 (Python 3.12.3 on linux)" generated="2025-02-24T11:18:16.812810" rpa="false" schemaversion="5">
<suite id="s1" name="TQC-13 Robot" source="/home/marcelo/Desenvolvimento/TQC-13_Robot">
<suite id="s1-s1" name="MyFirstTest" source="/home/marcelo/Desenvolvimento/TQC-13_Robot/MyFirstTest.robot">
<test id="s1-s1-t1" name="Create A Random String" line="5">
<kw name="Log To Console" owner="BuiltIn">
<arg>We are going to generate a random string</arg>
<doc>Logs the given message to the console.</doc>
<status status="PASS" start="2025-02-24T11:18:16.837022" elapsed="0.000368"/>
</kw>
<kw name="Generate Random String" owner="String">
<arg>10</arg>
<doc>Generates a string with a desired ``length`` from the given ``chars``.</doc>
<status status="PASS" start="2025-02-24T11:18:16.837660" elapsed="0.000280"/>
</kw>
<kw name="Log To Console" owner="BuiltIn">
<arg>We finished generating a random string</arg>
<doc>Logs the given message to the console.</doc>
<status status="PASS" start="2025-02-24T11:18:16.838104" elapsed="0.000219"/>
</kw>
<status status="PASS" start="2025-02-24T11:18:16.836187" elapsed="0.002373"/>
</test>
<status status="PASS" start="2025-02-24T11:18:16.830056" elapsed="0.009036"/>
</suite>
<status status="PASS" start="2025-02-24T11:18:16.816650" elapsed="0.023103"/>
</suite>
<statistics>
<total>
<stat pass="1" fail="0" skip="0">All Tests</stat>
</total>
<tag>
</tag>
<suite>
<stat name="TQC-13 Robot" id="s1" pass="1" fail="0" skip="0">TQC-13 Robot</stat>
<stat name="MyFirstTest" id="s1-s1" pass="1" fail="0" skip="0">TQC-13 Robot.MyFirstTest</stat>
</suite>
</statistics>
<errors>
</errors>
</robot>
